<?xml version="1.0" encoding="UTF-8"?>
<!-- Generated by org.testng.reporters.JUnitXMLReporter -->
<testsuite ignored="2" hostname="Dell-PC" failures="0" tests="2" name="Test" time="19.867" errors="0" timestamp="2022-12-21T20:42:13 IST">
  <testcase classname="scripts.Script1" name="testA" time="0.037"/>
  <testcase classname="scripts.Script2" name="deleteProduct" time="0.054"/>
  <testcase classname="generic.BaseTest" name="@BeforeSuite createReport" time="0.0">
    <ignored/>
  </testcase> <!-- @BeforeSuite createReport -->
  <testcase classname="generic.BaseTest" name="@AfterSuite publishReport" time="0.0">
    <ignored/>
  </testcase> <!-- @AfterSuite publishReport -->
</testsuite> <!-- Test -->
